<?xml version="1.0" encoding="UTF-8"?>
<!-- Generated by org.testng.reporters.JUnitXMLReporter -->
<testsuite ignored="0" hostname="ASISH" failures="0" tests="4" name="Default test" time="37.942" errors="0" timestamp="2023-11-04T15:44:47 IST">
  <testcase classname="com.sportyshoes.testpages.SportyShoesPageTest" name="User_Registration" time="24.647"/>
  <testcase classname="com.sportyshoes.testpages.SportyShoesPageTest" name="User_Login" time="4.721"/>
  <testcase classname="com.sportyshoes.testpages.SportyShoesPageTest" name="Add_To_Cart" time="2.148"/>
  <testcase classname="com.sportyshoes.testpages.SportyShoesPageTest" name="Place_Order" time="6.303"/>
</testsuite> <!-- Default test -->
