<?xml version="1.0" encoding="UTF-8"?>
<!-- Generated by org.testng.reporters.JUnitXMLReporter -->
<testsuite ignored="0" hostname="ASISH" failures="0" tests="4" name="sportyshoes001" time="42.165" errors="0" timestamp="2023-11-13T10:08:44 IST">
  <testcase classname="com.sportyshoes.testpages.SportyShoesPageTest" name="User_Registration" time="25.161"/>
  <testcase classname="com.sportyshoes.testpages.SportyShoesPageTest" name="User_Login" time="4.423"/>
  <testcase classname="com.sportyshoes.testpages.SportyShoesPageTest" name="Add_To_Cart" time="4.139"/>
  <testcase classname="com.sportyshoes.testpages.SportyShoesPageTest" name="Place_Order" time="8.303"/>
</testsuite> <!-- sportyshoes001 -->
