<?xml version="1.0" encoding="UTF-8"?>
<testng-results ignored="0" total="4" passed="4" failed="0" skipped="0">
  <reporter-output>
  </reporter-output>
  <suite started-at="2023-11-13T10:08:02 IST" name="SportyShoesTest" finished-at="2023-11-13T10:08:44 IST" duration-ms="42165">
    <groups>
    </groups>
    <test started-at="2023-11-13T10:08:02 IST" name="sportyshoes001" finished-at="2023-11-13T10:08:44 IST" duration-ms="42165">
      <class name="com.sportyshoes.testpages.SportyShoesPageTest">
        <test-method is-config="true" signature="InitalizeExtentReport()[pri:0, instance:com.sportyshoes.testpages.SportyShoesPageTest@4d14b6c2]" started-at="2023-11-13T10:07:57 IST" name="InitalizeExtentReport" finished-at="2023-11-13T10:07:58 IST" duration-ms="414" status="PASS">
          <reporter-output>
          </reporter-output>
        </test-method> <!-- InitalizeExtentReport -->
        <test-method is-config="true" signature="Open_Browser(org.testng.ITestContext)[pri:0, instance:com.sportyshoes.testpages.SportyShoesPageTest@4d14b6c2]" started-at="2023-11-13T10:07:58 IST" name="Open_Browser" finished-at="2023-11-13T10:08:02 IST" duration-ms="4350" status="PASS">
          <params>
            <param index="0">
              <value>
                <![CDATA[org.testng.TestRunner@4b0bd001]]>
              </value>
            </param>
          </params>
          <reporter-output>
          </reporter-output>
        </test-method> <!-- Open_Browser -->
        <test-method signature="User_Registration()[pri:1, instance:com.sportyshoes.testpages.SportyShoesPageTest@4d14b6c2]" started-at="2023-11-13T10:08:02 IST" name="User_Registration" finished-at="2023-11-13T10:08:27 IST" duration-ms="25161" status="PASS">
          <reporter-output>
          </reporter-output>
        </test-method> <!-- User_Registration -->
        <test-method is-config="true" signature="generateTestStatus(java.lang.reflect.Method,org.testng.ITestResult)[pri:0, instance:com.sportyshoes.testpages.SportyShoesPageTest@4d14b6c2]" started-at="2023-11-13T10:08:27 IST" name="generateTestStatus" finished-at="2023-11-13T10:08:27 IST" duration-ms="9" status="PASS">
          <params>
            <param index="0">
              <value>
                <![CDATA[public void com.sportyshoes.testpages.SportyShoesPageTest.User_Registration() throws java.lang.InterruptedException]]>
              </value>
            </param>
            <param index="1">
              <value>
                <![CDATA[[TestResult name=User_Registration status=SUCCESS method=SportyShoesPageTest.User_Registration()[pri:1, instance:com.sportyshoes.testpages.SportyShoesPageTest@4d14b6c2] output={null}]]]>
              </value>
            </param>
          </params>
          <reporter-output>
          </reporter-output>
        </test-method> <!-- generateTestStatus -->
        <test-method signature="User_Login()[pri:2, instance:com.sportyshoes.testpages.SportyShoesPageTest@4d14b6c2]" started-at="2023-11-13T10:08:27 IST" name="User_Login" finished-at="2023-11-13T10:08:32 IST" duration-ms="4423" status="PASS">
          <reporter-output>
          </reporter-output>
        </test-method> <!-- User_Login -->
        <test-method is-config="true" signature="generateTestStatus(java.lang.reflect.Method,org.testng.ITestResult)[pri:0, instance:com.sportyshoes.testpages.SportyShoesPageTest@4d14b6c2]" started-at="2023-11-13T10:08:32 IST" name="generateTestStatus" finished-at="2023-11-13T10:08:32 IST" duration-ms="9" status="PASS">
          <params>
            <param index="0">
              <value>
                <![CDATA[public void com.sportyshoes.testpages.SportyShoesPageTest.User_Login() throws java.lang.InterruptedException]]>
              </value>
            </param>
            <param index="1">
              <value>
                <![CDATA[[TestResult name=User_Login status=SUCCESS method=SportyShoesPageTest.User_Login()[pri:2, instance:com.sportyshoes.testpages.SportyShoesPageTest@4d14b6c2] output={null}]]]>
              </value>
            </param>
          </params>
          <reporter-output>
          </reporter-output>
        </test-method> <!-- generateTestStatus -->
        <test-method signature="Add_To_Cart()[pri:3, instance:com.sportyshoes.testpages.SportyShoesPageTest@4d14b6c2]" started-at="2023-11-13T10:08:32 IST" name="Add_To_Cart" finished-at="2023-11-13T10:08:36 IST" duration-ms="4139" status="PASS">
          <reporter-output>
          </reporter-output>
        </test-method> <!-- Add_To_Cart -->
        <test-method is-config="true" signature="generateTestStatus(java.lang.reflect.Method,org.testng.ITestResult)[pri:0, instance:com.sportyshoes.testpages.SportyShoesPageTest@4d14b6c2]" started-at="2023-11-13T10:08:36 IST" name="generateTestStatus" finished-at="2023-11-13T10:08:36 IST" duration-ms="2" status="PASS">
          <params>
            <param index="0">
              <value>
                <![CDATA[public void com.sportyshoes.testpages.SportyShoesPageTest.Add_To_Cart() throws java.lang.InterruptedException]]>
              </value>
            </param>
            <param index="1">
              <value>
                <![CDATA[[TestResult name=Add_To_Cart status=SUCCESS method=SportyShoesPageTest.Add_To_Cart()[pri:3, instance:com.sportyshoes.testpages.SportyShoesPageTest@4d14b6c2] output={null}]]]>
              </value>
            </param>
          </params>
          <reporter-output>
          </reporter-output>
        </test-method> <!-- generateTestStatus -->
        <test-method signature="Place_Order()[pri:4, instance:com.sportyshoes.testpages.SportyShoesPageTest@4d14b6c2]" started-at="2023-11-13T10:08:36 IST" name="Place_Order" finished-at="2023-11-13T10:08:44 IST" duration-ms="8303" status="PASS">
          <reporter-output>
          </reporter-output>
        </test-method> <!-- Place_Order -->
        <test-method is-config="true" signature="generateTestStatus(java.lang.reflect.Method,org.testng.ITestResult)[pri:0, instance:com.sportyshoes.testpages.SportyShoesPageTest@4d14b6c2]" started-at="2023-11-13T10:08:44 IST" name="generateTestStatus" finished-at="2023-11-13T10:08:44 IST" duration-ms="1" status="PASS">
          <params>
            <param index="0">
              <value>
                <![CDATA[public void com.sportyshoes.testpages.SportyShoesPageTest.Place_Order() throws java.lang.InterruptedException]]>
              </value>
            </param>
            <param index="1">
              <value>
                <![CDATA[[TestResult name=Place_Order status=SUCCESS method=SportyShoesPageTest.Place_Order()[pri:4, instance:com.sportyshoes.testpages.SportyShoesPageTest@4d14b6c2] output={null}]]]>
              </value>
            </param>
          </params>
          <reporter-output>
          </reporter-output>
        </test-method> <!-- generateTestStatus -->
        <test-method is-config="true" signature="close_Browser()[pri:0, instance:com.sportyshoes.testpages.SportyShoesPageTest@4d14b6c2]" started-at="2023-11-13T10:08:44 IST" name="close_Browser" finished-at="2023-11-13T10:08:47 IST" duration-ms="2287" status="PASS">
          <reporter-output>
          </reporter-output>
        </test-method> <!-- close_Browser -->
        <test-method is-config="true" signature="generateReports()[pri:0, instance:com.sportyshoes.testpages.SportyShoesPageTest@4d14b6c2]" started-at="2023-11-13T10:08:47 IST" name="generateReports" finished-at="2023-11-13T10:08:47 IST" duration-ms="928" status="PASS">
          <reporter-output>
          </reporter-output>
        </test-method> <!-- generateReports -->
      </class> <!-- com.sportyshoes.testpages.SportyShoesPageTest -->
    </test> <!-- sportyshoes001 -->
  </suite> <!-- SportyShoesTest -->
</testng-results>
