<?xml version="1.0" encoding="UTF-8"?>
<testng-results ignored="0" total="1" passed="1" failed="0" skipped="0">
  <reporter-output>
  </reporter-output>
  <suite started-at="2023-11-14T16:33:36 IST" name="Default suite" finished-at="2023-11-14T16:33:38 IST" duration-ms="2509">
    <groups>
    </groups>
    <test started-at="2023-11-14T16:33:36 IST" name="Default test" finished-at="2023-11-14T16:33:38 IST" duration-ms="2509">
      <class name="com.sportyshoes.test.Script004UpdateProduct">
        <test-method signature="Upadate_Product()[pri:0, instance:com.sportyshoes.test.Script004UpdateProduct@3527942a]" started-at="2023-11-14T16:33:36 IST" name="Upadate_Product" finished-at="2023-11-14T16:33:38 IST" duration-ms="2440" status="PASS">
          <reporter-output>
          </reporter-output>
        </test-method> <!-- Upadate_Product -->
      </class> <!-- com.sportyshoes.test.Script004UpdateProduct -->
    </test> <!-- Default test -->
  </suite> <!-- Default suite -->
</testng-results>
